INFO:  latexindent version 3.23.6, 2024-01-17, a script to indent .tex files
       latexindent lives here: /usr/share/texlive/texmf-dist/scripts/latexindent/
       Tue Sep 16 10:17:40 2025
       Filename: /srv/PET_100/code/E4D/E4D-HR-Master-unf/E4D-HR_User_Guide/source/main.tex
INFO:  Processing switches:
INFO:  Directory for backup files and indent.log:
       /srv/PET_100/code/E4D/E4D-HR-Master-unf/E4D-HR_User_Guide/source
INFO:  YAML settings read: defaultSettings.yaml
       Reading defaultSettings.yaml from /usr/share/texlive/texmf-dist/scripts/latexindent/defaultSettings.yaml
INFO:  YAML reading settings
       Home directory is /home/dhyan
       latexindent.pl didn't find indentconfig.yaml or .indentconfig.yaml
       see all possible locations: https://latexindentpl.readthedocs.io/en/latest/sec-appendices.html#indentconfig-options)
INFO:  Phase 1: searching for objects
INFO:  Phase 2: finding surrounding indentation
INFO:  Phase 3: indenting objects
INFO:  Phase 4: final indentation check
INFO:  Output routine:
       Not outputting to file; see -w and -o switches for more options.
       --------------
INFO:  Please direct all communication/issues to:
        https://github.com/cmhughes/latexindent.pl
