\BOOKMARK [1][-]{section.1}{\376\377\000I\000n\000t\000r\000o\000d\000u\000c\000t\000i\000o\000n}{}% 1
\BOOKMARK [1][-]{section.2}{\376\377\000I\000n\000s\000t\000a\000l\000l\000a\000t\000i\000o\000n}{}% 2
\BOOKMARK [2][-]{subsection.2.1}{\376\377\000S\000y\000s\000t\000e\000m\000\040\000R\000e\000q\000u\000i\000r\000e\000m\000e\000n\000t\000s}{section.2}% 3
\BOOKMARK [2][-]{subsection.2.2}{\376\377\000R\000e\000q\000u\000i\000r\000e\000d\000\040\000S\000o\000f\000t\000w\000a\000r\000e}{section.2}% 4
\BOOKMARK [2][-]{subsection.2.3}{\376\377\000D\000o\000w\000n\000l\000o\000a\000d\000i\000n\000g\000\040\000E\0004\000D}{section.2}% 5
\BOOKMARK [2][-]{subsection.2.4}{\376\377\000A\000u\000t\000o\000m\000a\000t\000i\000c\000\040\000I\000n\000s\000t\000a\000l\000l\000a\000t\000i\000o\000n}{section.2}% 6
\BOOKMARK [2][-]{subsection.2.5}{\376\377\000M\000a\000n\000u\000a\000l\000\040\000I\000n\000s\000t\000a\000l\000l\000a\000t\000i\000o\000n}{section.2}% 7
\BOOKMARK [1][-]{section.3}{\376\377\000B\000a\000c\000k\000g\000r\000o\000u\000n\000d}{}% 8
\BOOKMARK [2][-]{subsection.3.1}{\376\377\000C\000o\000m\000p\000l\000e\000x\000\040\000C\000o\000n\000d\000u\000c\000t\000i\000v\000i\000t\000y}{section.3}% 9
\BOOKMARK [3][-]{subsubsection.3.1.1}{\376\377\000C\000a\000l\000c\000u\000l\000a\000t\000i\000n\000g\000\040\000P\000h\000a\000s\000e\000\040\000f\000r\000o\000m\000\040\000R\000e\000a\000l\000\040\000a\000n\000d\000\040\000I\000m\000a\000g\000i\000n\000a\000r\000y\000\040\000C\000o\000n\000d\000u\000c\000t\000i\000v\000i\000t\000y}{subsection.3.1}% 10
\BOOKMARK [3][-]{subsubsection.3.1.2}{\376\377\000C\000a\000l\000c\000u\000l\000a\000t\000i\000n\000g\000\040\000I\000m\000a\000g\000i\000n\000a\000r\000y\000\040\000C\000o\000n\000d\000u\000c\000t\000i\000v\000i\000t\000y\000\040\000f\000r\000o\000m\000\040\000R\000e\000a\000l\000\040\000C\000o\000n\000d\000u\000c\000t\000i\000v\000i\000t\000y\000\040\000a\000n\000d\000\040\000P\000h\000a\000s\000e}{subsection.3.1}% 11
\BOOKMARK [3][-]{subsubsection.3.1.3}{\376\377\000M\000a\000g\000n\000i\000t\000u\000d\000e\000\040\000o\000f\000\040\000C\000o\000m\000p\000l\000e\000x\000\040\000C\000o\000n\000d\000u\000c\000t\000i\000v\000i\000t\000y}{subsection.3.1}% 12
\BOOKMARK [2][-]{subsection.3.2}{\376\377\000D\000e\000c\000o\000u\000p\000l\000i\000n\000g\000\040\000R\000e\000a\000l\000\040\000a\000n\000d\000\040\000I\000m\000a\000g\000i\000n\000a\000r\000y\000\040\000C\000o\000m\000p\000o\000n\000e\000n\000t\000s}{section.3}% 13
\BOOKMARK [2][-]{subsection.3.3}{\376\377\000D\000C\000R\000\040\000D\000a\000t\000a}{section.3}% 14
\BOOKMARK [2][-]{subsection.3.4}{\376\377\000I\000P\000\040\000D\000a\000t\000a}{section.3}% 15
\BOOKMARK [2][-]{subsection.3.5}{\376\377\000T\000r\000i\000a\000n\000g\000u\000l\000a\000r\000\040\000M\000e\000s\000h}{section.3}% 16
\BOOKMARK [2][-]{subsection.3.6}{\376\377\000T\000e\000t\000r\000a\000h\000e\000d\000r\000a\000l\000\040\000M\000e\000s\000h}{section.3}% 17
\BOOKMARK [2][-]{subsection.3.7}{\376\377\000C\000o\000n\000s\000t\000r\000a\000i\000n\000e\000d\000\040\000T\000e\000t\000r\000a\000h\000e\000d\000r\000a\000l\000i\000s\000a\000t\000i\000o\000n}{section.3}% 18
\BOOKMARK [2][-]{subsection.3.8}{\376\377\000I\000n\000v\000e\000r\000s\000i\000o\000n}{section.3}% 19
\BOOKMARK [2][-]{subsection.3.9}{\376\377\000F\000o\000r\000w\000a\000r\000d\000\040\000M\000o\000d\000e\000l\000l\000i\000n\000g}{section.3}% 20
\BOOKMARK [2][-]{subsection.3.10}{\376\377\000O\000b\000j\000e\000c\000t\000i\000v\000e\000\040\000F\000u\000n\000c\000t\000i\000o\000n}{section.3}% 21
\BOOKMARK [2][-]{subsection.3.11}{\376\377\000S\000t\000r\000u\000c\000t\000u\000r\000a\000l\000\040\000M\000e\000t\000r\000i\000c\000s}{section.3}% 22
\BOOKMARK [2][-]{subsection.3.12}{\376\377\000W\000e\000i\000g\000h\000t\000i\000n\000g\000\040\000F\000u\000n\000c\000t\000i\000o\000n\000s}{section.3}% 23
\BOOKMARK [1][-]{section.4}{\376\377\000T\000y\000p\000e\000s\000\040\000o\000f\000\040\000C\000o\000n\000s\000t\000r\000a\000i\000n\000t\000s}{}% 24
\BOOKMARK [2][-]{subsection.4.1}{\376\377\000S\000m\000o\000o\000t\000h\000n\000e\000s\000s\000\040\000C\000o\000n\000s\000t\000r\000a\000i\000n\000t}{section.4}% 25
\BOOKMARK [2][-]{subsection.4.2}{\376\377\000M\000i\000n\000i\000m\000u\000m\000\040\000C\000o\000n\000d\000u\000c\000t\000i\000v\000i\000t\000y\000\040\000C\000o\000n\000s\000t\000r\000a\000i\000n\000t}{section.4}% 26
\BOOKMARK [2][-]{subsection.4.3}{\376\377\000M\000a\000x\000i\000m\000u\000m\000\040\000C\000o\000n\000d\000u\000c\000t\000i\000v\000i\000t\000y\000\040\000C\000o\000n\000s\000t\000r\000a\000i\000n\000t}{section.4}% 27
\BOOKMARK [2][-]{subsection.4.4}{\376\377\000B\000l\000o\000c\000k\000y\000\040\000C\000o\000n\000s\000t\000r\000a\000i\000n\000t}{section.4}% 28
\BOOKMARK [2][-]{subsection.4.5}{\376\377\000A\000n\000i\000s\000o\000t\000r\000o\000p\000i\000c\000\040\000W\000e\000i\000g\000h\000t\000i\000n\000g\000\040\000a\000n\000d\000\040\000I\000n\000e\000q\000u\000a\000l\000i\000t\000y\000\040\000C\000o\000n\000s\000t\000r\000a\000i\000n\000t\000s}{section.4}% 29
\BOOKMARK [1][-]{section.5}{\376\377\000U\000s\000e\000r\000\040\000D\000e\000f\000i\000n\000e\000d\000\040\000I\000n\000p\000u\000t\000\040\000F\000i\000l\000e\000\040\000F\000o\000r\000m\000a\000t\000s}{}% 30
\BOOKMARK [2][-]{subsection.5.1}{\376\377\000G\000e\000n\000e\000r\000a\000l\000\040\000i\000n\000p\000\040\000F\000i\000l\000e\000\040\000F\000o\000r\000m\000a\000t}{section.5}% 31
\BOOKMARK [2][-]{subsection.5.2}{\376\377\000M\000e\000s\000h\000\040\000G\000e\000n\000e\000r\000a\000t\000i\000o\000n}{section.5}% 32
\BOOKMARK [3][-]{subsubsection.5.2.1}{\376\377\000i\000n\000p\000\040\000F\000i\000l\000e\000\040\000F\000o\000r\000m\000a\000t}{subsection.5.2}% 33
\BOOKMARK [3][-]{subsubsection.5.2.2}{\376\377\000c\000f\000g\000\040\000F\000i\000l\000e\000\040\000F\000o\000r\000m\000a\000t}{subsection.5.2}% 34
\BOOKMARK [2][-]{subsection.5.3}{\376\377\000F\000o\000r\000w\000a\000r\000d\000\040\000M\000o\000d\000e\000l\000l\000i\000n\000g}{section.5}% 35
\BOOKMARK [3][-]{subsubsection.5.3.1}{\376\377\000i\000n\000p\000\040\000F\000i\000l\000e\000\040\000F\000o\000r\000m\000a\000t}{subsection.5.3}% 36
\BOOKMARK [3][-]{subsubsection.5.3.2}{\376\377\000s\000r\000v\000\040\000F\000i\000l\000e\000\040\000F\000o\000r\000m\000a\000t}{subsection.5.3}% 37
\BOOKMARK [3][-]{subsubsection.5.3.3}{\376\377\000s\000i\000g\000\040\000F\000i\000l\000e\000\040\000F\000o\000r\000m\000a\000t}{subsection.5.3}% 38
\BOOKMARK [3][-]{subsubsection.5.3.4}{\376\377\000o\000u\000t\000\040\000F\000i\000l\000e\000\040\000F\000o\000r\000m\000a\000t}{subsection.5.3}% 39
\BOOKMARK [2][-]{subsection.5.4}{\376\377\000I\000n\000v\000e\000r\000s\000i\000o\000n}{section.5}% 40
\BOOKMARK [3][-]{subsubsection.5.4.1}{\376\377\000i\000n\000p\000\040\000F\000i\000l\000e\000\040\000F\000o\000r\000m\000a\000t}{subsection.5.4}% 41
\BOOKMARK [3][-]{subsubsection.5.4.2}{\376\377\000s\000r\000v\000\040\000F\000i\000l\000e\000\040\000F\000o\000r\000m\000a\000t}{subsection.5.4}% 42
\BOOKMARK [3][-]{subsubsection.5.4.3}{\376\377\000o\000u\000t\000\040\000F\000i\000l\000e\000\040\000F\000o\000r\000m\000a\000t}{subsection.5.4}% 43
\BOOKMARK [3][-]{subsubsection.5.4.4}{\376\377\000O\000b\000s\000o\000l\000e\000t\000e\000\040\000i\000n\000v\000\040\000F\000i\000l\000e\000\040\000F\000o\000r\000m\000a\000t}{subsection.5.4}% 44
\BOOKMARK [1][-]{section.6}{\376\377\000M\000i\000s\000c\000e\000l\000l\000a\000n\000e\000o\000u\000s\000\040\000F\000i\000l\000e\000\040\000F\000o\000r\000m\000a\000t\000s}{}% 45
\BOOKMARK [2][-]{subsection.6.1}{\376\377\000n\000o\000d\000e\000/\000e\000l\000e\000/\000e\000d\000g\000e\000/\000f\000a\000c\000e\000/\000n\000e\000i\000g\000h\000\040\000F\000i\000l\000e\000\040\000F\000o\000r\000m\000a\000t}{section.6}% 46
\BOOKMARK [2][-]{subsection.6.2}{\376\377\000t\000r\000n\000\040\000F\000i\000l\000e\000\040\000F\000o\000r\000m\000a\000t}{section.6}% 47
\BOOKMARK [1][-]{section.7}{\376\377\000I\000P\000\040\000I\000n\000v\000e\000r\000s\000i\000o\000n\000\040\000T\000u\000t\000o\000r\000i\000a\000l}{}% 48
\BOOKMARK [2][-]{subsection.7.1}{\376\377\000P\000r\000e\000l\000i\000m\000i\000n\000a\000r\000y\000\040\000S\000e\000t\000u\000p}{section.7}% 49
\BOOKMARK [2][-]{subsection.7.2}{\376\377\000F\000o\000r\000w\000a\000r\000d\000\040\000S\000I\000P\0001}{section.7}% 50
\BOOKMARK [3][-]{subsubsection.7.2.1}{\376\377\000I\000n\000p\000u\000t\000\040\000F\000i\000l\000e\000s}{subsection.7.2}% 51
\BOOKMARK [3][-]{subsubsection.7.2.2}{\376\377\000G\000e\000n\000e\000r\000a\000t\000i\000n\000g\000\040\000t\000h\000e\000\040\000M\000e\000s\000h\000\040\000w\000i\000t\000h\000\040\000t\000h\000e\000\040\000S\000I\000P\0001\000\040\000m\000o\000d\000e}{subsection.7.2}% 52
\BOOKMARK [2][-]{subsection.7.3}{\376\377\000F\000o\000r\000w\000a\000r\000d\000\040\000M\000o\000d\000e\000l}{section.7}% 53
\BOOKMARK [3][-]{subsubsection.7.3.1}{\376\377\000I\000n\000p\000u\000t\000\040\000F\000i\000l\000e\000s}{subsection.7.3}% 54
\BOOKMARK [3][-]{subsubsection.7.3.2}{\376\377\000C\000a\000l\000c\000u\000l\000a\000t\000i\000n\000g\000\040\000a\000\040\000F\000o\000r\000w\000a\000r\000d\000\040\000M\000o\000d\000e\000l\000\040\000w\000i\000t\000h\000\040\000t\000h\000e\000\040\000I\000P\0002\000\040\000m\000o\000d\000e}{subsection.7.3}% 55
\BOOKMARK [2][-]{subsection.7.4}{\376\377\000I\000n\000v\000e\000r\000s\000i\000o\000n\000\040\000M\000e\000s\000h}{section.7}% 56
\BOOKMARK [3][-]{subsubsection.7.4.1}{\376\377\000G\000e\000n\000e\000r\000a\000t\000i\000n\000g\000\040\000t\000h\000e\000\040\000M\000e\000s\000h\000\040\000w\000i\000t\000h\000\040\000t\000h\000e\000\040\000S\000I\000P\0001\000\040\000m\000o\000d\000e}{subsection.7.4}% 57
\BOOKMARK [2][-]{subsection.7.5}{\376\377\000I\000n\000v\000e\000r\000s\000i\000o\000n}{section.7}% 58
\BOOKMARK [3][-]{subsubsection.7.5.1}{\376\377\000A\000r\000t\000i\000f\000i\000c\000i\000a\000l\000\040\000N\000o\000i\000s\000e}{subsection.7.5}% 59
\BOOKMARK [3][-]{subsubsection.7.5.2}{\376\377\000I\000n\000p\000u\000t\000\040\000F\000i\000l\000e\000s\000\040\000f\000o\000r\000\040\000I\000n\000v\000e\000r\000s\000i\000o\000n}{subsection.7.5}% 60
\BOOKMARK [3][-]{subsubsection.7.5.3}{\376\377\000R\000u\000n\000n\000i\000n\000g\000\040\000t\000h\000e\000\040\000I\000n\000v\000e\000r\000s\000i\000o\000n\000\040\000i\000n\000\040\000S\000I\000P\0003\000\040\000M\000o\000d\000e}{subsection.7.5}% 61
